[15:53:10.906] Initializing steering wheel
[15:53:11.086] Found0 devices
[15:53:11.086] Initializing force feedback
[15:53:11.086] Initializing force feedback effect on axis X
[15:53:11.086] Initializing force feedback success
[15:53:11.086] Initializing wheel success
[15:55:01.764] Initializing steering wheel
[15:55:01.935] Found1 devices
[15:55:01.935] Device: Logitech G27 Racing Wheel USB
[15:55:01.935] Initializing force feedback
[15:55:01.935] Initializing force feedback effect on axis X
[15:55:01.936] Initializing force feedback success
[15:55:01.936] Initializing wheel success
[15:58:21.382] Initializing steering wheel
[15:58:21.524] Found1 devices
[15:58:21.525] Device: Logitech G27 Racing Wheel USB
[15:58:21.543] Initializing force feedback
[15:58:21.544] Initializing force feedback effect on axis X
[15:58:21.544] Initializing force feedback success
[15:58:21.544] Initializing wheel success
[15:59:04.110] Initializing steering wheel
[15:59:04.255] Found 1 device(s)
[15:59:04.255] Device: Logitech G27 Racing Wheel USB
[15:59:04.277] Initializing force feedback
[15:59:04.277] Initializing force feedback effect on axis X
[15:59:04.277] Initializing force feedback success
[15:59:04.277] Initializing wheel success
